0 info it worked if it ends with ok
1 verbose cli [ 'node', '/usr/bin/npm', 'publish', '.' ]
2 info using npm@1.3.5
3 info using node@v0.10.15
4 verbose node symlink /usr/bin/node
5 verbose publish [ '.' ]
6 error Failed to parse json
6 error Unexpected end of input
7 error File: /home/skerit/Projecten/flat-file-cache/package.json
8 error Failed to parse package.json data.
8 error package.json must be actual JSON, not just JavaScript.
8 error
8 error This is not a bug in npm.
8 error Tell the package author to fix their package.json file. JSON.parse
9 error System Linux 3.8.0-26-generic
10 error command "node" "/usr/bin/npm" "publish" "."
11 error cwd /home/skerit/Projecten/flat-file-cache
12 error node -v v0.10.15
13 error npm -v 1.3.5
14 error file /home/skerit/Projecten/flat-file-cache/package.json
15 error code EJSONPARSE
16 verbose exit [ 1, true ]
